0 info it worked if it ends with ok
1 verbose cli [ '/usr/local/bin/node', '/usr/local/bin/npm', 'install' ]
2 info using npm@3.10.8
3 info using node@v7.0.0
4 silly loadCurrentTree Starting
5 silly install loadCurrentTree
6 silly install readLocalPackageData
7 silly install normalizeTree
8 silly loadCurrentTree Finishing
9 silly loadIdealTree Starting
10 silly install loadIdealTree
11 silly cloneCurrentTree Starting
12 silly install cloneCurrentTreeToIdealTree
13 silly cloneCurrentTree Finishing
14 silly loadShrinkwrap Starting
15 silly install loadShrinkwrap
16 silly loadShrinkwrap Finishing
17 silly loadAllDepsIntoIdealTree Starting
18 silly install loadAllDepsIntoIdealTree
19 silly fetchOtherPackageData imergo-sensor-base@github:webcc/imergo-sensor-base#dev
20 silly cache add args [ 'imergo-sensor-base@github:webcc/imergo-sensor-base#dev',
20 silly cache add   null ]
21 verbose cache add spec imergo-sensor-base@github:webcc/imergo-sensor-base#dev
22 silly cache add parsed spec Result {
22 silly cache add   raw: 'imergo-sensor-base@github:webcc/imergo-sensor-base#dev',
22 silly cache add   scope: null,
22 silly cache add   escapedName: 'imergo-sensor-base',
22 silly cache add   name: 'imergo-sensor-base',
22 silly cache add   rawSpec: 'github:webcc/imergo-sensor-base#dev',
22 silly cache add   spec: 'github:webcc/imergo-sensor-base#dev',
22 silly cache add   type: 'hosted',
22 silly cache add   hosted:
22 silly cache add    { type: 'github',
22 silly cache add      ssh: 'git@github.com:webcc/imergo-sensor-base.git#dev',
22 silly cache add      sshUrl: 'git+ssh://git@github.com/webcc/imergo-sensor-base.git#dev',
22 silly cache add      httpsUrl: 'git+https://github.com/webcc/imergo-sensor-base.git#dev',
22 silly cache add      gitUrl: 'git://github.com/webcc/imergo-sensor-base.git#dev',
22 silly cache add      shortcut: 'github:webcc/imergo-sensor-base#dev',
22 silly cache add      directUrl: 'https://raw.githubusercontent.com/webcc/imergo-sensor-base/dev/package.json' } }
23 verbose addRemoteGit caching github:webcc/imergo-sensor-base#dev
24 verbose addRemoteGit webcc/imergo-sensor-base#dev is a repository hosted by github
25 silly tryGitProto attempting to clone git://github.com/webcc/imergo-sensor-base.git#dev
26 silly tryClone cloning webcc/imergo-sensor-base#dev via git://github.com/webcc/imergo-sensor-base.git#dev
27 verbose tryClone git-github-com-webcc-imergo-sensor-base-git-dev-bb25a4ab not in flight; caching
28 verbose correctMkdir /Users/ackermann/.npm/_git-remotes correctMkdir not in flight; initializing
29 info git [ 'clone',
29 info git   '--template=/Users/ackermann/.npm/_git-remotes/_templates',
29 info git   '--mirror',
29 info git   'git://github.com/webcc/imergo-sensor-base.git',
29 info git   '/Users/ackermann/.npm/_git-remotes/git-github-com-webcc-imergo-sensor-base-git-dev-bb25a4ab' ]
30 verbose git clone --template=/Users/ackermann/.npm/_git-remotes/_templates --mirror git://github.com/webcc/imergo-sensor-base.git /Users/ackermann/.npm/_git-remotes/git-github-com-webcc-imergo-sensor-base-git-dev-bb25a4ab: Cloning into bare repository '/Users/ackermann/.npm/_git-remotes/git-github-com-webcc-imergo-sensor-base-git-dev-bb25a4ab'...
30 verbose git clone --template=/Users/ackermann/.npm/_git-remotes/_templates --mirror git://github.com/webcc/imergo-sensor-base.git /Users/ackermann/.npm/_git-remotes/git-github-com-webcc-imergo-sensor-base-git-dev-bb25a4ab: fatal: remote error:
30 verbose git clone --template=/Users/ackermann/.npm/_git-remotes/_templates --mirror git://github.com/webcc/imergo-sensor-base.git /Users/ackermann/.npm/_git-remotes/git-github-com-webcc-imergo-sensor-base-git-dev-bb25a4ab:   Repository not found.
31 silly tryHTTPS attempting to clone git+https://github.com/webcc/imergo-sensor-base.git#dev
32 silly tryClone cloning webcc/imergo-sensor-base#dev via git+https://github.com/webcc/imergo-sensor-base.git#dev
33 verbose tryClone git-https-github-com-webcc-imergo-sensor-base-git-dev-a3bc50e9 not in flight; caching
34 verbose correctMkdir /Users/ackermann/.npm/_git-remotes correctMkdir not in flight; initializing
35 info git [ 'clone',
35 info git   '--template=/Users/ackermann/.npm/_git-remotes/_templates',
35 info git   '--mirror',
35 info git   'https://github.com/webcc/imergo-sensor-base.git',
35 info git   '/Users/ackermann/.npm/_git-remotes/git-https-github-com-webcc-imergo-sensor-base-git-dev-a3bc50e9' ]
36 verbose git clone --template=/Users/ackermann/.npm/_git-remotes/_templates --mirror https://github.com/webcc/imergo-sensor-base.git /Users/ackermann/.npm/_git-remotes/git-https-github-com-webcc-imergo-sensor-base-git-dev-a3bc50e9: Cloning into bare repository '/Users/ackermann/.npm/_git-remotes/git-https-github-com-webcc-imergo-sensor-base-git-dev-a3bc50e9'...
36 verbose git clone --template=/Users/ackermann/.npm/_git-remotes/_templates --mirror https://github.com/webcc/imergo-sensor-base.git /Users/ackermann/.npm/_git-remotes/git-https-github-com-webcc-imergo-sensor-base-git-dev-a3bc50e9: remote: Repository not found.
36 verbose git clone --template=/Users/ackermann/.npm/_git-remotes/_templates --mirror https://github.com/webcc/imergo-sensor-base.git /Users/ackermann/.npm/_git-remotes/git-https-github-com-webcc-imergo-sensor-base-git-dev-a3bc50e9: fatal: repository 'https://github.com/webcc/imergo-sensor-base.git/' not found
37 silly trySSH attempting to clone git@github.com:webcc/imergo-sensor-base.git#dev
38 silly tryClone cloning webcc/imergo-sensor-base#dev via git@github.com:webcc/imergo-sensor-base.git#dev
39 verbose tryClone git-github-com-webcc-imergo-sensor-base-git-dev-27005318 not in flight; caching
40 verbose correctMkdir /Users/ackermann/.npm/_git-remotes correctMkdir not in flight; initializing
41 info git [ 'clone',
41 info git   '--template=/Users/ackermann/.npm/_git-remotes/_templates',
41 info git   '--mirror',
41 info git   'git@github.com:webcc/imergo-sensor-base.git',
41 info git   '/Users/ackermann/.npm/_git-remotes/git-github-com-webcc-imergo-sensor-base-git-dev-27005318' ]
42 error git clone --template=/Users/ackermann/.npm/_git-remotes/_templates --mirror git@github.com:webcc/imergo-sensor-base.git /Users/ackermann/.npm/_git-remotes/git-github-com-webcc-imergo-sensor-base-git-dev-27005318: Cloning into bare repository '/Users/ackermann/.npm/_git-remotes/git-github-com-webcc-imergo-sensor-base-git-dev-27005318'...
42 error git clone --template=/Users/ackermann/.npm/_git-remotes/_templates --mirror git@github.com:webcc/imergo-sensor-base.git /Users/ackermann/.npm/_git-remotes/git-github-com-webcc-imergo-sensor-base-git-dev-27005318: Permission denied (publickey).
42 error git clone --template=/Users/ackermann/.npm/_git-remotes/_templates --mirror git@github.com:webcc/imergo-sensor-base.git /Users/ackermann/.npm/_git-remotes/git-github-com-webcc-imergo-sensor-base-git-dev-27005318: fatal: Could not read from remote repository.
42 error git clone --template=/Users/ackermann/.npm/_git-remotes/_templates --mirror git@github.com:webcc/imergo-sensor-base.git /Users/ackermann/.npm/_git-remotes/git-github-com-webcc-imergo-sensor-base-git-dev-27005318:
42 error git clone --template=/Users/ackermann/.npm/_git-remotes/_templates --mirror git@github.com:webcc/imergo-sensor-base.git /Users/ackermann/.npm/_git-remotes/git-github-com-webcc-imergo-sensor-base-git-dev-27005318: Please make sure you have the correct access rights
42 error git clone --template=/Users/ackermann/.npm/_git-remotes/_templates --mirror git@github.com:webcc/imergo-sensor-base.git /Users/ackermann/.npm/_git-remotes/git-github-com-webcc-imergo-sensor-base-git-dev-27005318: and the repository exists.
43 silly fetchPackageMetaData Error: Command failed: git clone --template=/Users/ackermann/.npm/_git-remotes/_templates --mirror git@github.com:webcc/imergo-sensor-base.git /Users/ackermann/.npm/_git-remotes/git-github-com-webcc-imergo-sensor-base-git-dev-27005318
43 silly fetchPackageMetaData Cloning into bare repository '/Users/ackermann/.npm/_git-remotes/git-github-com-webcc-imergo-sensor-base-git-dev-27005318'...
43 silly fetchPackageMetaData Permission denied (publickey).
43 silly fetchPackageMetaData fatal: Could not read from remote repository.
43 silly fetchPackageMetaData
43 silly fetchPackageMetaData Please make sure you have the correct access rights
43 silly fetchPackageMetaData and the repository exists.
43 silly fetchPackageMetaData
43 silly fetchPackageMetaData     at ChildProcess.exithandler (child_process.js:211:12)
43 silly fetchPackageMetaData     at emitTwo (events.js:106:13)
43 silly fetchPackageMetaData     at ChildProcess.emit (events.js:191:7)
43 silly fetchPackageMetaData     at maybeClose (internal/child_process.js:877:16)
43 silly fetchPackageMetaData     at Socket.<anonymous> (internal/child_process.js:334:11)
43 silly fetchPackageMetaData     at emitOne (events.js:96:13)
43 silly fetchPackageMetaData     at Socket.emit (events.js:188:7)
43 silly fetchPackageMetaData     at Pipe._handle.close [as _onclose] (net.js:501:12)
43 silly fetchPackageMetaData  error for imergo-sensor-base@github:webcc/imergo-sensor-base#dev { Error: Command failed: git clone --template=/Users/ackermann/.npm/_git-remotes/_templates --mirror git@github.com:webcc/imergo-sensor-base.git /Users/ackermann/.npm/_git-remotes/git-github-com-webcc-imergo-sensor-base-git-dev-27005318
43 silly fetchPackageMetaData Cloning into bare repository '/Users/ackermann/.npm/_git-remotes/git-github-com-webcc-imergo-sensor-base-git-dev-27005318'...
43 silly fetchPackageMetaData Permission denied (publickey).
43 silly fetchPackageMetaData fatal: Could not read from remote repository.
43 silly fetchPackageMetaData
43 silly fetchPackageMetaData Please make sure you have the correct access rights
43 silly fetchPackageMetaData and the repository exists.
43 silly fetchPackageMetaData
43 silly fetchPackageMetaData     at ChildProcess.exithandler (child_process.js:211:12)
43 silly fetchPackageMetaData     at emitTwo (events.js:106:13)
43 silly fetchPackageMetaData     at ChildProcess.emit (events.js:191:7)
43 silly fetchPackageMetaData     at maybeClose (internal/child_process.js:877:16)
43 silly fetchPackageMetaData     at Socket.<anonymous> (internal/child_process.js:334:11)
43 silly fetchPackageMetaData     at emitOne (events.js:96:13)
43 silly fetchPackageMetaData     at Socket.emit (events.js:188:7)
43 silly fetchPackageMetaData     at Pipe._handle.close [as _onclose] (net.js:501:12)
43 silly fetchPackageMetaData   killed: false,
43 silly fetchPackageMetaData   code: 128,
43 silly fetchPackageMetaData   signal: null,
43 silly fetchPackageMetaData   cmd: 'git clone --template=/Users/ackermann/.npm/_git-remotes/_templates --mirror git@github.com:webcc/imergo-sensor-base.git /Users/ackermann/.npm/_git-remotes/git-github-com-webcc-imergo-sensor-base-git-dev-27005318' }
44 silly rollbackFailedOptional Starting
45 silly rollbackFailedOptional Finishing
46 silly runTopLevelLifecycles Finishing
47 silly install printInstalled
48 verbose stack Error: Command failed: git clone --template=/Users/ackermann/.npm/_git-remotes/_templates --mirror git@github.com:webcc/imergo-sensor-base.git /Users/ackermann/.npm/_git-remotes/git-github-com-webcc-imergo-sensor-base-git-dev-27005318
48 verbose stack Cloning into bare repository '/Users/ackermann/.npm/_git-remotes/git-github-com-webcc-imergo-sensor-base-git-dev-27005318'...
48 verbose stack Permission denied (publickey).
48 verbose stack fatal: Could not read from remote repository.
48 verbose stack
48 verbose stack Please make sure you have the correct access rights
48 verbose stack and the repository exists.
48 verbose stack
48 verbose stack     at ChildProcess.exithandler (child_process.js:211:12)
48 verbose stack     at emitTwo (events.js:106:13)
48 verbose stack     at ChildProcess.emit (events.js:191:7)
48 verbose stack     at maybeClose (internal/child_process.js:877:16)
48 verbose stack     at Socket.<anonymous> (internal/child_process.js:334:11)
48 verbose stack     at emitOne (events.js:96:13)
48 verbose stack     at Socket.emit (events.js:188:7)
48 verbose stack     at Pipe._handle.close [as _onclose] (net.js:501:12)
49 verbose cwd /Users/ackermann/Documents/workspaces/polycare/imergo-sensor-example
50 error Darwin 16.1.0
51 error argv "/usr/local/bin/node" "/usr/local/bin/npm" "install"
52 error node v7.0.0
53 error npm  v3.10.8
54 error code 128
55 error Command failed: git clone --template=/Users/ackermann/.npm/_git-remotes/_templates --mirror git@github.com:webcc/imergo-sensor-base.git /Users/ackermann/.npm/_git-remotes/git-github-com-webcc-imergo-sensor-base-git-dev-27005318
55 error Cloning into bare repository '/Users/ackermann/.npm/_git-remotes/git-github-com-webcc-imergo-sensor-base-git-dev-27005318'...
55 error Permission denied (publickey).
55 error fatal: Could not read from remote repository.
55 error
55 error Please make sure you have the correct access rights
55 error and the repository exists.
56 error If you need help, you may report this error at:
56 error     <https://github.com/npm/npm/issues>
57 verbose exit [ 1, true ]
